[DEBUG][22-02-04][org.apache.ibatis.logging.LogFactory]Logging initialized using 'class org.apache.ibatis.logging.log4j.Log4jImpl' adapter.
[DEBUG][22-02-04][org.apache.ibatis.logging.LogFactory]Logging initialized using 'class org.apache.ibatis.logging.log4j.Log4jImpl' adapter.
[DEBUG][22-02-04][org.apache.ibatis.datasource.pooled.PooledDataSource]PooledDataSource forcefully closed/removed all connections.
[DEBUG][22-02-04][org.apache.ibatis.datasource.pooled.PooledDataSource]PooledDataSource forcefully closed/removed all connections.
[DEBUG][22-02-04][org.apache.ibatis.datasource.pooled.PooledDataSource]PooledDataSource forcefully closed/removed all connections.
[DEBUG][22-02-04][org.apache.ibatis.datasource.pooled.PooledDataSource]PooledDataSource forcefully closed/removed all connections.
[DEBUG][22-02-04][org.apache.ibatis.transaction.jdbc.JdbcTransaction]Opening JDBC Connection
[DEBUG][22-02-04][org.apache.ibatis.datasource.pooled.PooledDataSource]Created connection 1944798106.
[DEBUG][22-02-04][org.apache.ibatis.transaction.jdbc.JdbcTransaction]Setting autocommit to false on JDBC Connection [com.mysql.cj.jdbc.ConnectionImpl@73eb439a]
[DEBUG][22-02-04][nyist.edu.dao.UserMapper.getUserById]==>  Preparing: select * from mybatis.user where id=? 
[DEBUG][22-02-04][nyist.edu.dao.UserMapper.getUserById]==> Parameters: 1(Integer)
[DEBUG][22-02-04][nyist.edu.dao.UserMapper.getUserById]<==      Total: 1
[DEBUG][22-02-04][org.apache.ibatis.transaction.jdbc.JdbcTransaction]Resetting autocommit to true on JDBC Connection [com.mysql.cj.jdbc.ConnectionImpl@73eb439a]
[DEBUG][22-02-04][org.apache.ibatis.transaction.jdbc.JdbcTransaction]Closing JDBC Connection [com.mysql.cj.jdbc.ConnectionImpl@73eb439a]
[DEBUG][22-02-04][org.apache.ibatis.datasource.pooled.PooledDataSource]Returned connection 1944798106 to pool.
[INFO][22-02-04][nyist.edu.UserDaoTest]info进入了testLog4j方法
[DEBUG][22-02-04][nyist.edu.UserDaoTest]debug进入了testLog4j方法
[ERROR][22-02-04][nyist.edu.UserDaoTest]error进入了testLog4j方法
[DEBUG][22-02-04][org.apache.ibatis.logging.LogFactory]Logging initialized using 'class org.apache.ibatis.logging.log4j.Log4jImpl' adapter.
[DEBUG][22-02-04][org.apache.ibatis.logging.LogFactory]Logging initialized using 'class org.apache.ibatis.logging.log4j.Log4jImpl' adapter.
[DEBUG][22-02-04][org.apache.ibatis.datasource.pooled.PooledDataSource]PooledDataSource forcefully closed/removed all connections.
[DEBUG][22-02-04][org.apache.ibatis.datasource.pooled.PooledDataSource]PooledDataSource forcefully closed/removed all connections.
[DEBUG][22-02-04][org.apache.ibatis.datasource.pooled.PooledDataSource]PooledDataSource forcefully closed/removed all connections.
[DEBUG][22-02-04][org.apache.ibatis.datasource.pooled.PooledDataSource]PooledDataSource forcefully closed/removed all connections.
[DEBUG][22-02-04][org.apache.ibatis.transaction.jdbc.JdbcTransaction]Opening JDBC Connection
[DEBUG][22-02-04][org.apache.ibatis.datasource.pooled.PooledDataSource]Created connection 811597470.
[DEBUG][22-02-04][org.apache.ibatis.transaction.jdbc.JdbcTransaction]Setting autocommit to false on JDBC Connection [com.mysql.cj.jdbc.ConnectionImpl@305ffe9e]
[DEBUG][22-02-04][nyist.edu.dao.UserMapper.getUserById]==>  Preparing: select * from mybatis.user where id=? 
[DEBUG][22-02-04][nyist.edu.dao.UserMapper.getUserById]==> Parameters: 1(Integer)
[DEBUG][22-02-04][nyist.edu.dao.UserMapper.getUserById]<==      Total: 1
[DEBUG][22-02-04][org.apache.ibatis.transaction.jdbc.JdbcTransaction]Resetting autocommit to true on JDBC Connection [com.mysql.cj.jdbc.ConnectionImpl@305ffe9e]
[DEBUG][22-02-04][org.apache.ibatis.transaction.jdbc.JdbcTransaction]Closing JDBC Connection [com.mysql.cj.jdbc.ConnectionImpl@305ffe9e]
[DEBUG][22-02-04][org.apache.ibatis.datasource.pooled.PooledDataSource]Returned connection 811597470 to pool.
[DEBUG][22-02-06][org.apache.ibatis.logging.LogFactory]Logging initialized using 'class org.apache.ibatis.logging.log4j.Log4jImpl' adapter.
[DEBUG][22-02-06][org.apache.ibatis.datasource.pooled.PooledDataSource]PooledDataSource forcefully closed/removed all connections.
[DEBUG][22-02-06][org.apache.ibatis.datasource.pooled.PooledDataSource]PooledDataSource forcefully closed/removed all connections.
[DEBUG][22-02-06][org.apache.ibatis.datasource.pooled.PooledDataSource]PooledDataSource forcefully closed/removed all connections.
[DEBUG][22-02-06][org.apache.ibatis.datasource.pooled.PooledDataSource]PooledDataSource forcefully closed/removed all connections.
[DEBUG][22-02-06][org.apache.ibatis.transaction.jdbc.JdbcTransaction]Opening JDBC Connection
[DEBUG][22-02-06][org.apache.ibatis.datasource.pooled.PooledDataSource]Created connection 899543194.
[DEBUG][22-02-06][org.apache.ibatis.transaction.jdbc.JdbcTransaction]Setting autocommit to false on JDBC Connection [com.mysql.cj.jdbc.ConnectionImpl@359df09a]
[DEBUG][22-02-06][nyist.edu.dao.UserMapper.getUserByLimit]==>  Preparing: select * from mybatis.user limit ?,? 
[DEBUG][22-02-06][nyist.edu.dao.UserMapper.getUserByLimit]==> Parameters: 0(Integer), 2(Integer)
[DEBUG][22-02-06][nyist.edu.dao.UserMapper.getUserByLimit]<==      Total: 2
[DEBUG][22-02-06][org.apache.ibatis.transaction.jdbc.JdbcTransaction]Resetting autocommit to true on JDBC Connection [com.mysql.cj.jdbc.ConnectionImpl@359df09a]
[DEBUG][22-02-06][org.apache.ibatis.transaction.jdbc.JdbcTransaction]Closing JDBC Connection [com.mysql.cj.jdbc.ConnectionImpl@359df09a]
[DEBUG][22-02-06][org.apache.ibatis.datasource.pooled.PooledDataSource]Returned connection 899543194 to pool.
[DEBUG][22-02-06][org.apache.ibatis.logging.LogFactory]Logging initialized using 'class org.apache.ibatis.logging.log4j.Log4jImpl' adapter.
[DEBUG][22-02-06][org.apache.ibatis.datasource.pooled.PooledDataSource]PooledDataSource forcefully closed/removed all connections.
[DEBUG][22-02-06][org.apache.ibatis.datasource.pooled.PooledDataSource]PooledDataSource forcefully closed/removed all connections.
[DEBUG][22-02-06][org.apache.ibatis.datasource.pooled.PooledDataSource]PooledDataSource forcefully closed/removed all connections.
[DEBUG][22-02-06][org.apache.ibatis.datasource.pooled.PooledDataSource]PooledDataSource forcefully closed/removed all connections.
[DEBUG][22-02-06][org.apache.ibatis.transaction.jdbc.JdbcTransaction]Opening JDBC Connection
[DEBUG][22-02-06][org.apache.ibatis.datasource.pooled.PooledDataSource]Created connection 899543194.
[DEBUG][22-02-06][org.apache.ibatis.transaction.jdbc.JdbcTransaction]Setting autocommit to false on JDBC Connection [com.mysql.cj.jdbc.ConnectionImpl@359df09a]
[DEBUG][22-02-06][nyist.edu.dao.UserMapper.getUserByLimit]==>  Preparing: select * from mybatis.user limit ?,? 
[DEBUG][22-02-06][nyist.edu.dao.UserMapper.getUserByLimit]==> Parameters: 0(Integer), 2(Integer)
[DEBUG][22-02-06][nyist.edu.dao.UserMapper.getUserByLimit]<==      Total: 2
[DEBUG][22-02-06][org.apache.ibatis.transaction.jdbc.JdbcTransaction]Resetting autocommit to true on JDBC Connection [com.mysql.cj.jdbc.ConnectionImpl@359df09a]
[DEBUG][22-02-06][org.apache.ibatis.transaction.jdbc.JdbcTransaction]Closing JDBC Connection [com.mysql.cj.jdbc.ConnectionImpl@359df09a]
[DEBUG][22-02-06][org.apache.ibatis.datasource.pooled.PooledDataSource]Returned connection 899543194 to pool.
[DEBUG][22-02-06][org.apache.ibatis.logging.LogFactory]Logging initialized using 'class org.apache.ibatis.logging.log4j.Log4jImpl' adapter.
[DEBUG][22-02-06][org.apache.ibatis.datasource.pooled.PooledDataSource]PooledDataSource forcefully closed/removed all connections.
[DEBUG][22-02-06][org.apache.ibatis.datasource.pooled.PooledDataSource]PooledDataSource forcefully closed/removed all connections.
[DEBUG][22-02-06][org.apache.ibatis.datasource.pooled.PooledDataSource]PooledDataSource forcefully closed/removed all connections.
[DEBUG][22-02-06][org.apache.ibatis.datasource.pooled.PooledDataSource]PooledDataSource forcefully closed/removed all connections.
[DEBUG][22-02-06][org.apache.ibatis.transaction.jdbc.JdbcTransaction]Opening JDBC Connection
[DEBUG][22-02-06][org.apache.ibatis.datasource.pooled.PooledDataSource]Created connection 899543194.
[DEBUG][22-02-06][org.apache.ibatis.transaction.jdbc.JdbcTransaction]Setting autocommit to false on JDBC Connection [com.mysql.cj.jdbc.ConnectionImpl@359df09a]
[DEBUG][22-02-06][nyist.edu.dao.UserMapper.getUserByLimit]==>  Preparing: select * from mybatis.user limit ?,? 
[DEBUG][22-02-06][nyist.edu.dao.UserMapper.getUserByLimit]==> Parameters: 1(Integer), 2(Integer)
[DEBUG][22-02-06][nyist.edu.dao.UserMapper.getUserByLimit]<==      Total: 2
[DEBUG][22-02-06][org.apache.ibatis.transaction.jdbc.JdbcTransaction]Resetting autocommit to true on JDBC Connection [com.mysql.cj.jdbc.ConnectionImpl@359df09a]
[DEBUG][22-02-06][org.apache.ibatis.transaction.jdbc.JdbcTransaction]Closing JDBC Connection [com.mysql.cj.jdbc.ConnectionImpl@359df09a]
[DEBUG][22-02-06][org.apache.ibatis.datasource.pooled.PooledDataSource]Returned connection 899543194 to pool.
[DEBUG][22-02-06][org.apache.ibatis.logging.LogFactory]Logging initialized using 'class org.apache.ibatis.logging.log4j.Log4jImpl' adapter.
[DEBUG][22-02-06][org.apache.ibatis.datasource.pooled.PooledDataSource]PooledDataSource forcefully closed/removed all connections.
[DEBUG][22-02-06][org.apache.ibatis.datasource.pooled.PooledDataSource]PooledDataSource forcefully closed/removed all connections.
[DEBUG][22-02-06][org.apache.ibatis.datasource.pooled.PooledDataSource]PooledDataSource forcefully closed/removed all connections.
[DEBUG][22-02-06][org.apache.ibatis.datasource.pooled.PooledDataSource]PooledDataSource forcefully closed/removed all connections.
[DEBUG][22-02-06][org.apache.ibatis.transaction.jdbc.JdbcTransaction]Opening JDBC Connection
[DEBUG][22-02-06][org.apache.ibatis.datasource.pooled.PooledDataSource]Created connection 1138697171.
[DEBUG][22-02-06][org.apache.ibatis.transaction.jdbc.JdbcTransaction]Setting autocommit to false on JDBC Connection [com.mysql.cj.jdbc.ConnectionImpl@43df23d3]
[DEBUG][22-02-06][nyist.edu.dao.UserMapper.getUserByLimit]==>  Preparing: select * from mybatis.user limit ?,? 
[DEBUG][22-02-06][nyist.edu.dao.UserMapper.getUserByLimit]==> Parameters: 1(Integer), 2(Integer)
[DEBUG][22-02-06][nyist.edu.dao.UserMapper.getUserByLimit]<==      Total: 2
[DEBUG][22-02-06][org.apache.ibatis.transaction.jdbc.JdbcTransaction]Resetting autocommit to true on JDBC Connection [com.mysql.cj.jdbc.ConnectionImpl@43df23d3]
[DEBUG][22-02-06][org.apache.ibatis.transaction.jdbc.JdbcTransaction]Closing JDBC Connection [com.mysql.cj.jdbc.ConnectionImpl@43df23d3]
[DEBUG][22-02-06][org.apache.ibatis.datasource.pooled.PooledDataSource]Returned connection 1138697171 to pool.
[DEBUG][22-02-06][org.apache.ibatis.logging.LogFactory]Logging initialized using 'class org.apache.ibatis.logging.log4j.Log4jImpl' adapter.
[DEBUG][22-02-06][org.apache.ibatis.datasource.pooled.PooledDataSource]PooledDataSource forcefully closed/removed all connections.
[DEBUG][22-02-06][org.apache.ibatis.datasource.pooled.PooledDataSource]PooledDataSource forcefully closed/removed all connections.
[DEBUG][22-02-06][org.apache.ibatis.datasource.pooled.PooledDataSource]PooledDataSource forcefully closed/removed all connections.
[DEBUG][22-02-06][org.apache.ibatis.datasource.pooled.PooledDataSource]PooledDataSource forcefully closed/removed all connections.
[DEBUG][22-02-06][org.apache.ibatis.transaction.jdbc.JdbcTransaction]Opening JDBC Connection
[DEBUG][22-02-06][org.apache.ibatis.datasource.pooled.PooledDataSource]Created connection 2081652693.
[DEBUG][22-02-06][org.apache.ibatis.transaction.jdbc.JdbcTransaction]Setting autocommit to false on JDBC Connection [com.mysql.cj.jdbc.ConnectionImpl@7c137fd5]
[DEBUG][22-02-06][nyist.edu.dao.UserMapper.getUserByRowBounds]==>  Preparing: select * from mybatis.user 
[DEBUG][22-02-06][nyist.edu.dao.UserMapper.getUserByRowBounds]==> Parameters: 
[DEBUG][22-02-06][nyist.edu.dao.UserMapper.getUserByRowBounds]<==      Total: 6
[DEBUG][22-02-06][org.apache.ibatis.transaction.jdbc.JdbcTransaction]Resetting autocommit to true on JDBC Connection [com.mysql.cj.jdbc.ConnectionImpl@7c137fd5]
[DEBUG][22-02-06][org.apache.ibatis.transaction.jdbc.JdbcTransaction]Closing JDBC Connection [com.mysql.cj.jdbc.ConnectionImpl@7c137fd5]
[DEBUG][22-02-06][org.apache.ibatis.datasource.pooled.PooledDataSource]Returned connection 2081652693 to pool.
[DEBUG][22-02-06][org.apache.ibatis.logging.LogFactory]Logging initialized using 'class org.apache.ibatis.logging.log4j.Log4jImpl' adapter.
[DEBUG][22-02-06][org.apache.ibatis.datasource.pooled.PooledDataSource]PooledDataSource forcefully closed/removed all connections.
[DEBUG][22-02-06][org.apache.ibatis.datasource.pooled.PooledDataSource]PooledDataSource forcefully closed/removed all connections.
[DEBUG][22-02-06][org.apache.ibatis.datasource.pooled.PooledDataSource]PooledDataSource forcefully closed/removed all connections.
[DEBUG][22-02-06][org.apache.ibatis.datasource.pooled.PooledDataSource]PooledDataSource forcefully closed/removed all connections.
[DEBUG][22-02-06][org.apache.ibatis.transaction.jdbc.JdbcTransaction]Opening JDBC Connection
[DEBUG][22-02-06][org.apache.ibatis.datasource.pooled.PooledDataSource]Created connection 2081652693.
[DEBUG][22-02-06][org.apache.ibatis.transaction.jdbc.JdbcTransaction]Setting autocommit to false on JDBC Connection [com.mysql.cj.jdbc.ConnectionImpl@7c137fd5]
[DEBUG][22-02-06][nyist.edu.dao.UserMapper.getUserByRowBounds]==>  Preparing: select * from mybatis.user 
[DEBUG][22-02-06][nyist.edu.dao.UserMapper.getUserByRowBounds]==> Parameters: 
[DEBUG][22-02-06][org.apache.ibatis.transaction.jdbc.JdbcTransaction]Resetting autocommit to true on JDBC Connection [com.mysql.cj.jdbc.ConnectionImpl@7c137fd5]
[DEBUG][22-02-06][org.apache.ibatis.transaction.jdbc.JdbcTransaction]Closing JDBC Connection [com.mysql.cj.jdbc.ConnectionImpl@7c137fd5]
[DEBUG][22-02-06][org.apache.ibatis.datasource.pooled.PooledDataSource]Returned connection 2081652693 to pool.
